<?xml version="1.0" encoding="UTF-8"?>
<!-- Generated by org.testng.reporters.JUnitReportReporter -->
<testsuite skipped="0" hostname="Samim-Musamim" name="testNG.concepts.TestClass" tests="1" failures="0" timestamp="05 Nov 2020 02:18:48 GMT" time="0.010" errors="0">
  <testcase name="test" time="0.010" classname="testNG.concepts.TestClass"/>
</testsuite> <!-- testNG.concepts.TestClass -->
