<?xml version="1.0" encoding="UTF-8"?>
<!-- Generated by org.testng.reporters.JUnitReportReporter -->
<testsuite skipped="0" hostname="Samim-Musamim" name="tests.LoginTest" tests="1" failures="0" timestamp="05 Nov 2020 00:58:04 GMT" time="12.467" errors="0">
  <testcase name="loginToHotel" time="12.467" classname="tests.LoginTest"/>
</testsuite> <!-- tests.LoginTest -->
